  Lab12_2.cpp
C:\Users\Zulfiqar\source\repos\Lab12_2\Lab12_2.cpp(13,15): error C2065: 'Complex': undeclared identifier
C:\Users\Zulfiqar\source\repos\Lab12_2\Lab12_2.cpp(13,23): error C2146: syntax error: missing ')' before identifier 'c'
C:\Users\Zulfiqar\source\repos\Lab12_2\Lab12_2.cpp(21,5): error C2065: 'Complex': undeclared identifier
C:\Users\Zulfiqar\source\repos\Lab12_2\Lab12_2.cpp(21,13): error C2146: syntax error: missing ';' before identifier 'c'
C:\Users\Zulfiqar\source\repos\Lab12_2\Lab12_2.cpp(21,13): error C2065: 'c': undeclared identifier
C:\Users\Zulfiqar\source\repos\Lab12_2\Lab12_2.cpp(46,20): error C2131: expression did not evaluate to a constant
C:\Users\Zulfiqar\source\repos\Lab12_2\Lab12_2.cpp(46,20): message : failure was caused by a read of a variable outside its lifetime
C:\Users\Zulfiqar\source\repos\Lab12_2\Lab12_2.cpp(46,20): message : see usage of 'numProcs'
C:\Users\Zulfiqar\source\repos\Lab12_2\Lab12_2.cpp(47,16): error C2131: expression did not evaluate to a constant
C:\Users\Zulfiqar\source\repos\Lab12_2\Lab12_2.cpp(47,16): message : failure was caused by a read of a variable outside its lifetime
C:\Users\Zulfiqar\source\repos\Lab12_2\Lab12_2.cpp(47,16): message : see usage of 'numProcs'
C:\Users\Zulfiqar\source\repos\Lab12_2\Lab12_2.cpp(79,5): error C2065: 'c': undeclared identifier
C:\Users\Zulfiqar\source\repos\Lab12_2\Lab12_2.cpp(80,5): error C2065: 'c': undeclared identifier
C:\Users\Zulfiqar\source\repos\Lab12_2\Lab12_2.cpp(188,29): warning C4244: '=': conversion from 'double' to 'float', possible loss of data
C:\Users\Zulfiqar\source\repos\Lab12_2\Lab12_2.cpp(234,25): error C2065: 'c': undeclared identifier
C:\Users\Zulfiqar\source\repos\Lab12_2\Lab12_2.cpp(84,15): error C4996: 'fopen': This function or variable may be unsafe. Consider using fopen_s instead. To disable deprecation, use _CRT_SECURE_NO_WARNINGS. See online help for details.
C:\Users\Zulfiqar\source\repos\Lab12_2\Lab12_2.cpp(270,6): error C2374: 'iterator': redefinition; multiple initialization
C:\Users\Zulfiqar\source\repos\Lab12_2\Lab12_2.cpp(13): message : see declaration of 'iterator'
C:\Users\Zulfiqar\source\repos\Lab12_2\Lab12_2.cpp(270,15): error C2065: 'Complex': undeclared identifier
C:\Users\Zulfiqar\source\repos\Lab12_2\Lab12_2.cpp(270,23): error C2146: syntax error: missing ')' before identifier 'c'
C:\Users\Zulfiqar\source\repos\Lab12_2\Lab12_2.cpp(271,1): error C2143: syntax error: missing ';' before '{'
C:\Users\Zulfiqar\source\repos\Lab12_2\Lab12_2.cpp(271,1): error C2447: '{': missing function header (old-style formal list?)
